<?xml version="1.0" encoding="UTF-8"?>
<testsuite name="com.julyseven.api.controller.JpaControllerTest" tests="4" skipped="0" failures="0" errors="0" timestamp="2021-04-25T05:31:55" hostname="JULYSEVEN" time="0.369">
  <properties/>
  <testcase name="updateUserTest" classname="com.julyseven.api.controller.JpaControllerTest" time="0.293"/>
  <testcase name="createUserTest" classname="com.julyseven.api.controller.JpaControllerTest" time="0.008"/>
  <testcase name="searchUserTest" classname="com.julyseven.api.controller.JpaControllerTest" time="0.05"/>
  <testcase name="deleteUserTest" classname="com.julyseven.api.controller.JpaControllerTest" time="0.016"/>
  <system-out><![CDATA[14:31:52.232 [Test worker] DEBUG org.springframework.test.annotation.ProfileValueUtils - Retrieved @ProfileValueSourceConfiguration [null] for test class [com.julyseven.api.controller.JpaControllerTest]
14:31:52.232 [Test worker] DEBUG org.springframework.test.annotation.ProfileValueUtils - Retrieved ProfileValueSource type [class org.springframework.test.annotation.SystemProfileValueSource] for class [com.julyseven.api.controller.JpaControllerTest]
14:31:52.233 [Test worker] DEBUG org.springframework.test.annotation.ProfileValueUtils - Retrieved @ProfileValueSourceConfiguration [null] for test class [com.julyseven.api.controller.JpaControllerTest]
14:31:52.233 [Test worker] DEBUG org.springframework.test.annotation.ProfileValueUtils - Retrieved ProfileValueSource type [class org.springframework.test.annotation.SystemProfileValueSource] for class [com.julyseven.api.controller.JpaControllerTest]
14:31:52.237 [Test worker] DEBUG org.springframework.test.context.support.AbstractDirtiesContextTestExecutionListener - Before test class: context [DefaultTestContext@60f110a0 testClass = JpaControllerTest, testInstance = [null], testMethod = [null], testException = [null], mergedContextConfiguration = [WebMergedContextConfiguration@332df7 testClass = JpaControllerTest, locations = '{}', classes = '{class com.julyseven.api.JulySevenApiApplication}', contextInitializerClasses = '[]', activeProfiles = '{test}', propertySourceLocations = '{}', propertySourceProperties = '{org.springframework.boot.test.context.SpringBootTestContextBootstrapper=true}', contextCustomizers = set[org.springframework.boot.test.autoconfigure.properties.PropertyMappingContextCustomizer@4b3fa0b3, org.springframework.boot.test.autoconfigure.web.servlet.WebDriverContextCustomizerFactory$Customizer@3511f8e9, [ImportsContextCustomizer@799808a2 key = [org.springframework.boot.test.autoconfigure.web.servlet.MockMvcAutoConfiguration, org.springframework.boot.test.autoconfigure.web.servlet.MockMvcWebClientAutoConfiguration, org.springframework.boot.test.autoconfigure.web.servlet.MockMvcWebDriverAutoConfiguration, org.springframework.boot.autoconfigure.security.oauth2.client.servlet.OAuth2ClientAutoConfiguration, org.springframework.boot.autoconfigure.security.oauth2.resource.servlet.OAuth2ResourceServerAutoConfiguration, org.springframework.boot.autoconfigure.security.servlet.SecurityAutoConfiguration, org.springframework.boot.autoconfigure.security.servlet.SecurityFilterAutoConfiguration, org.springframework.boot.autoconfigure.security.servlet.UserDetailsServiceAutoConfiguration, org.springframework.boot.test.autoconfigure.web.servlet.MockMvcSecurityConfiguration]], org.springframework.boot.test.context.filter.ExcludeFilterContextCustomizer@41844712, org.springframework.boot.test.json.DuplicateJsonObjectContextCustomizerFactory$DuplicateJsonObjectContextCustomizer@1d347ce6, org.springframework.boot.test.mock.mockito.MockitoContextCustomizer@0, org.springframework.boot.test.web.client.TestRestTemplateContextCustomizer@4bbccb3d, org.springframework.boot.test.context.SpringBootTestArgs@1], resourceBasePath = 'src/main/webapp', contextLoader = 'org.springframework.boot.test.context.SpringBootContextLoader', parent = [null]], attributes = map['org.springframework.test.context.web.ServletTestExecutionListener.activateListener' -> true]], class annotated with @DirtiesContext [false] with mode [null].
14:31:52.238 [Test worker] DEBUG org.springframework.test.annotation.ProfileValueUtils - Retrieved @ProfileValueSourceConfiguration [null] for test class [com.julyseven.api.controller.JpaControllerTest]
14:31:52.238 [Test worker] DEBUG org.springframework.test.annotation.ProfileValueUtils - Retrieved ProfileValueSource type [class org.springframework.test.annotation.SystemProfileValueSource] for class [com.julyseven.api.controller.JpaControllerTest]
14:31:52.254 [Test worker] DEBUG org.springframework.core.env.StandardEnvironment - Activating profiles [test]
14:31:52.257 [Test worker] DEBUG org.springframework.test.context.support.TestPropertySourceUtils - Adding inlined properties to environment: {spring.jmx.enabled=false, org.springframework.boot.test.context.SpringBootTestContextBootstrapper=true}

  .   ____          _            __ _ _
 /\\ / ___'_ __ _ _(_)_ __  __ _ \ \ \ \
( ( )\___ | '_ | '_| | '_ \/ _` | \ \ \ \
 \\/  ___)| |_)| | | | | || (_| |  ) ) ) )
  '  |____| .__|_| |_|_| |_\__, | / / / /
 =========|_|==============|___/=/_/_/_/
 :: Spring Boot ::        (v2.3.4.RELEASE)

2021-04-25 14:31:52.520  INFO 27380 --- [    Test worker] c.j.api.controller.JpaControllerTest     : Starting JpaControllerTest on JulySeven with PID 27380 (started by Choi in D:\dev\kotlin-multi-module\julyseven-api)
2021-04-25 14:31:52.521  INFO 27380 --- [    Test worker] c.j.api.controller.JpaControllerTest     : The following profiles are active: test
2021-04-25 14:31:52.861  INFO 27380 --- [    Test worker] .s.d.r.c.RepositoryConfigurationDelegate : Bootstrapping Spring Data JPA repositories in DEFAULT mode.
2021-04-25 14:31:52.904  INFO 27380 --- [    Test worker] .s.d.r.c.RepositoryConfigurationDelegate : Finished Spring Data repository scanning in 35ms. Found 1 JPA repository interfaces.
2021-04-25 14:31:53.440  INFO 27380 --- [    Test worker] com.zaxxer.hikari.HikariDataSource       : HikariPool-1 - Starting...
2021-04-25 14:31:53.576  INFO 27380 --- [    Test worker] com.zaxxer.hikari.HikariDataSource       : HikariPool-1 - Start completed.
2021-04-25 14:31:53.628  INFO 27380 --- [    Test worker] o.hibernate.jpa.internal.util.LogHelper  : HHH000204: Processing PersistenceUnitInfo [name: default]
2021-04-25 14:31:53.671  INFO 27380 --- [    Test worker] org.hibernate.Version                    : HHH000412: Hibernate ORM core version 5.4.21.Final
2021-04-25 14:31:53.789  INFO 27380 --- [    Test worker] o.hibernate.annotations.common.Version   : HCANN000001: Hibernate Commons Annotations {5.1.0.Final}
2021-04-25 14:31:53.885  INFO 27380 --- [    Test worker] org.hibernate.dialect.Dialect            : HHH000400: Using dialect: org.hibernate.dialect.H2Dialect
2021-04-25 14:31:54.199  INFO 27380 --- [    Test worker] o.h.e.t.j.p.i.JtaPlatformInitiator       : HHH000490: Using JtaPlatform implementation: [org.hibernate.engine.transaction.jta.platform.internal.NoJtaPlatform]
2021-04-25 14:31:54.204  INFO 27380 --- [    Test worker] j.LocalContainerEntityManagerFactoryBean : Initialized JPA EntityManagerFactory for persistence unit 'default'
2021-04-25 14:31:54.956  WARN 27380 --- [    Test worker] JpaBaseConfiguration$JpaWebConfiguration : spring.jpa.open-in-view is enabled by default. Therefore, database queries may be performed during view rendering. Explicitly configure spring.jpa.open-in-view to disable this warning
2021-04-25 14:31:55.143  INFO 27380 --- [    Test worker] o.s.s.concurrent.ThreadPoolTaskExecutor  : Initializing ExecutorService 'applicationTaskExecutor'
2021-04-25 14:31:55.399  INFO 27380 --- [    Test worker] o.s.b.t.m.w.SpringBootMockServletContext : Initializing Spring TestDispatcherServlet ''
2021-04-25 14:31:55.400  INFO 27380 --- [    Test worker] o.s.t.web.servlet.TestDispatcherServlet  : Initializing Servlet ''
2021-04-25 14:31:55.408  INFO 27380 --- [    Test worker] o.s.t.web.servlet.TestDispatcherServlet  : Completed initialization in 8 ms
2021-04-25 14:31:55.420  INFO 27380 --- [    Test worker] c.j.api.controller.JpaControllerTest     : Started JpaControllerTest in 3.157 seconds (JVM running for 4.833)
2021-04-25 14:31:55.479  INFO 27380 --- [    Test worker] o.s.b.t.m.w.SpringBootMockServletContext : Initializing Spring TestDispatcherServlet ''
2021-04-25 14:31:55.479  INFO 27380 --- [    Test worker] o.s.t.web.servlet.TestDispatcherServlet  : Initializing Servlet ''
2021-04-25 14:31:55.480  INFO 27380 --- [    Test worker] o.s.t.web.servlet.TestDispatcherServlet  : Completed initialization in 1 ms
2021-04-25 14:31:55.663  INFO 27380 --- [    Test worker] c.j.api.controller.JpaController         : [PUT] User Update Request, UserId = [최재호]
2021-04-25 14:31:55.740  INFO 27380 --- [    Test worker] o.s.b.t.m.w.SpringBootMockServletContext : Initializing Spring TestDispatcherServlet ''
2021-04-25 14:31:55.740  INFO 27380 --- [    Test worker] o.s.t.web.servlet.TestDispatcherServlet  : Initializing Servlet ''
2021-04-25 14:31:55.741  INFO 27380 --- [    Test worker] o.s.t.web.servlet.TestDispatcherServlet  : Completed initialization in 1 ms
2021-04-25 14:31:55.743  INFO 27380 --- [    Test worker] c.j.api.controller.JpaController         : [POST] User Create Request, UserId = [Jaeho]
2021-04-25 14:31:55.748  INFO 27380 --- [    Test worker] o.s.b.t.m.w.SpringBootMockServletContext : Initializing Spring TestDispatcherServlet ''
2021-04-25 14:31:55.748  INFO 27380 --- [    Test worker] o.s.t.web.servlet.TestDispatcherServlet  : Initializing Servlet ''
2021-04-25 14:31:55.749  INFO 27380 --- [    Test worker] o.s.t.web.servlet.TestDispatcherServlet  : Completed initialization in 1 ms
2021-04-25 14:31:55.752  INFO 27380 --- [    Test worker] c.j.api.controller.JpaController         : [GET] User Information Request, UserId = [JhChoi]
2021-04-25 14:31:55.798  INFO 27380 --- [    Test worker] o.s.b.t.m.w.SpringBootMockServletContext : Initializing Spring TestDispatcherServlet ''
2021-04-25 14:31:55.798  INFO 27380 --- [    Test worker] o.s.t.web.servlet.TestDispatcherServlet  : Initializing Servlet ''
2021-04-25 14:31:55.799  INFO 27380 --- [    Test worker] o.s.t.web.servlet.TestDispatcherServlet  : Completed initialization in 1 ms
2021-04-25 14:31:55.801  INFO 27380 --- [    Test worker] c.j.api.controller.JpaController         : [DELETE] Delete User Request, UserId = [SexyGuy]
]]></system-out>
  <system-err><![CDATA[]]></system-err>
</testsuite>
